Copyright 1986-2018 Xilinx, Inc. All Rights Reserved.
------------------------------------------------------------------------------------
| Tool Version : Vivado v.2018.3 (win64) Build 2405991 Thu Dec  6 23:38:27 MST 2018
| Date         : Tue Feb  2 17:18:40 2021
| Host         : abcoffice running 64-bit major release  (build 9200)
| Command      : upgrade_ip
| Device       : xc7z020clg400-2
------------------------------------------------------------------------------------

Upgrade Log for IP 'ila_0'

1. Summary
----------

SUCCESS in the upgrade of ila_0 (xilinx.com:ip:ila:6.2) from (Rev. 10) to (Rev. 8)






Copyright 1986-2018 Xilinx, Inc. All Rights Reserved.
------------------------------------------------------------------------------------
| Tool Version : Vivado v.2018.3 (win64) Build 2405991 Thu Dec  6 23:38:27 MST 2018
| Date         : Tue Feb  2 17:17:27 2021
| Host         : abcoffice running 64-bit major release  (build 9200)
| Command      : upgrade_ip
| Device       : xc7z020clg400-2
------------------------------------------------------------------------------------

Upgrade Log for IP 'clk_wiz_0'

1. Summary
----------

SUCCESS in the upgrade of clk_wiz_0 (xilinx.com:ip:clk_wiz:6.0) from (Rev. 4) to (Rev. 2)

